
2025-05-14T19:29:12.013309900,Jason,REGISTER,New registration
2025-05-14T20:38:53.465769200,Jason,REGISTER,New registration
2025-05-14T20:39:26.502968200,Jason,REGISTER,New registration
2025-05-14T20:40:25.944938,Jason,REGISTER,New registration
2025-05-14T20:41:32.651080900,Jason,REGISTER,New registration
2025-05-14T20:42:07.884757800,Vera,REGISTER,New registration
2025-05-14T20:44:33.836638600,Jason,REGISTER,New registration
2025-05-14T20:45:30.634950400,Vera,REGISTER,New registration
2025-05-14T20:57:51.514207200,Jason,REGISTER,New registration
2025-05-14T20:58:27.844386700,Jason,REGISTER,New registration
2025-05-14T21:24:23.730331600,Jason,REGISTER,New registration
Jason,REGISTER,1747229867288
Jason,REGISTER,1747229901121
Vera,REGISTER,1747229937451
Jason,REGISTER,1747310577935
Vera,REGISTER,1747327588875
Jason,REGISTER,1747750368191
Vera,REGISTER,1747933771111
1748113252599,REGISTER,Jason
1748113552022,REGISTER,Jason
1748182239918,REGISTER,Jason
1748232508102,ORDER,null, order=b069bf75-824b-4c9e-a958-fce2d0444782
1748255717062,PAYMENT,b069bf75-824b-4c9e-a958-fce2d0444782, payment=19945f10-72d2-43a7-a219-6f4b954c90c2
1748276568874,UPDATE_PROFILE,Jason
1748433540117,FEEDBACK,Jason, order=b069bf75-824b-4c9e-a958-fce2d0444782
1748526483278,REGISTER,Alice
1748542350197,REGISTER,Alice
1748542905459,UPDATE_PROFILE,Alice
1748543100226,ORDER,Alice, order=d2bfee21-9bec-476a-969d-b0bfb2217466
1748543844105,PAYMENT,d2bfee21-9bec-476a-969d-b0bfb2217466, payment=1a18dd93-a3ef-4862-a517-379c3cc3b013
1748546657054,ORDER,Alice, order=4e0bac6a-0b65-47bf-ad81-65ac55a5dfc8
1748546720998,PAYMENT,4e0bac6a-0b65-47bf-ad81-65ac55a5dfc8, payment=3abc9783-9e53-4cee-a156-dfbd816774b9
1748547697282,ORDER,Alice, order=11e83997-f4f6-4e67-87ed-144ce239a206
1748547745306,PAYMENT,4e0bac6a-0b65-47bf-ad81-65ac55a5dfc8, payment=ffd45c51-8540-4194-85bb-1e312c0230dd
1748575334306,ORDER,Alice, order=8bd6cc3d-4607-4348-9c90-153c6b2fdd61
1748575441450,PAYMENT,8bd6cc3d-4607-4348-9c90-153c6b2fdd61, payment=702e8df7-5cdc-4a0f-9596-0c99506c9d0d
1748576898713,ORDER,Alice, order=15f3c7ef-c7a5-4c88-99b8-0a8b8572fce1
1748577036452,PAYMENT,15f3c7ef-c7a5-4c88-99b8-0a8b8572fce1, payment=e63b35b8-b3b4-4e06-9c11-dc871a890da5
1748577282777,FEEDBACK,Alice, order=8bd6cc3d-4607-4348-9c90-153c6b2fdd61
