2025-05-23T01:59:11.336043900,1,ADD,New salesman added
2025-05-23T01:59:45.007682,Jason,UPDATE,Salesman information updated
2025-05-25T02:58:23.520981300,1,ADD,New salesman added
2025-05-25T20:45:48.677491300,1,ADD,New salesman added
2025-05-25T21:15:26.114504400,1,ADD,New salesman added
2025-05-25T21:30:40.102772900,1,ADD,New salesman added
2025-05-25T21:44:21.684081300,1,ADD,New salesman added
2025-05-25T22:02:17.239648100,1,ADD,New salesman added
2025-05-25T22:27:17.447852500,1,ADD,New salesman added
2025-05-25T22:32:58.809992700,1,ADD,New salesman added
2025-05-25T22:38:58.681678400,1,ADD,New salesman added
2025-05-25T22:45:00.786769200,Jason,ADD,New salesman added
2025-05-26T16:54:33.367581900,SYSTEM,UPDATE_CAR_STATUS,Car status updated: C01 to BOOKED
2025-05-26T18:35:19.404607200,SYSTEM,UPDATE_CAR_STATUS,Car status updated: C01 to PAID
2025-05-26T18:35:34.062037300,Jason,SALE_ADDED,New sale added: b7ed5ab2-14e5-4224-8e9e-ec06e89bfabe
2025-05-26T18:35:34.063037,1,RECORD_SALE,Sale recorded for order: b069bf75-824b-4c9e-a958-fce2d0444782
2025-05-28T00:45:32.477915300,Jason,UPDATE,Salesman information updated
2025-05-28T19:40:03.564563600,Jason,UPDATE,Salesman information updated
2025-05-30T02:00:54.534744600,Adeline,ADD,New salesman added
2025-05-30T02:01:41.493495100,Adeline,UPDATE,Salesman information updated
2025-05-30T02:02:14.875421900,Adeline,DELETE,Salesman deleted
2025-05-30T02:27:06.315442300,Adeline,ADD,New salesman added
2025-05-30T02:29:24.359939300,Adeline,UPDATE,Salesman information updated
2025-05-30T02:31:11.264131,SYSTEM,UPDATE_CAR_STATUS,Car status updated: C02 to BOOKED
2025-05-30T03:24:54.481290800,SYSTEM,UPDATE_CAR_STATUS,Car status updated: C03 to BOOKED
2025-05-30T03:42:05.768621600,SYSTEM,UPDATE_CAR_STATUS,Car status updated: C03 → BOOKED
2025-05-30T03:42:46.423170700,SYSTEM,UPDATE_CAR_STATUS,Car status updated: C03 → Sold
2025-05-30T11:23:03.698634500,SYSTEM,UPDATE_CAR_STATUS,Car status updated: C2 → BOOKED
2025-05-30T11:24:30.463410400,SYSTEM,UPDATE_CAR_STATUS,Car status updated: C2 → Sold
2025-05-30T11:33:12.685356200,SYSTEM,UPDATE_CAR_STATUS,Car status updated: C2 → PAID
2025-05-30T11:49:00.216992400,SYSTEM,UPDATE_CAR_STATUS,Car status updated: C02 → BOOKED
2025-05-30T11:51:00.488785600,SYSTEM,UPDATE_CAR_STATUS,Car status updated: C02 → SOLD
2025-05-30T11:51:18.203000100,Adeline,SALE_ADDED,New sale added: db5a287d-c598-4840-9e8b-189aeef095ca
2025-05-30T11:51:18.203999700,2,RECORD_SALE,Sale recorded for order: 15f3c7ef-c7a5-4c88-99b8-0a8b8572fce1
2025-05-30T11:51:29.262666900,Adeline,SALE_ADDED,New sale added: c90e60f1-5a5a-4408-84bb-b18449e173fc
2025-05-30T11:51:29.262666900,2,RECORD_SALE,Sale recorded for order: 15f3c7ef-c7a5-4c88-99b8-0a8b8572fce1
2025-05-30T18:16:34.015593300,Adeline,UPDATE,Salesman information updated
